{"C:\\Users\\brian\\Projects\\generic-signal\\src\\signal.ts": {"path":"C:\\Users\\brian\\Projects\\generic-signal\\src\\signal.ts","all":false,"statementMap":{"0":{"start":{"line":1,"column":0},"end":{"line":1,"column":48}},"1":{"start":{"line":2,"column":0},"end":{"line":2,"column":0}},"2":{"start":{"line":3,"column":0},"end":{"line":3,"column":33}},"3":{"start":{"line":4,"column":0},"end":{"line":4,"column":42}},"4":{"start":{"line":5,"column":0},"end":{"line":5,"column":15}},"5":{"start":{"line":6,"column":0},"end":{"line":6,"column":65}},"6":{"start":{"line":7,"column":0},"end":{"line":7,"column":5}},"7":{"start":{"line":8,"column":0},"end":{"line":8,"column":1}},"8":{"start":{"line":9,"column":0},"end":{"line":9,"column":0}},"9":{"start":{"line":10,"column":0},"end":{"line":10,"column":21}},"10":{"start":{"line":11,"column":0},"end":{"line":11,"column":101}},"11":{"start":{"line":12,"column":0},"end":{"line":12,"column":5}},"12":{"start":{"line":13,"column":0},"end":{"line":13,"column":1}},"13":{"start":{"line":14,"column":0},"end":{"line":14,"column":0}},"14":{"start":{"line":15,"column":0},"end":{"line":15,"column":41}},"15":{"start":{"line":16,"column":0},"end":{"line":16,"column":21}},"16":{"start":{"line":17,"column":0},"end":{"line":17,"column":0}},"17":{"start":{"line":18,"column":0},"end":{"line":18,"column":35}},"18":{"start":{"line":19,"column":0},"end":{"line":19,"column":81}},"19":{"start":{"line":20,"column":0},"end":{"line":20,"column":5}},"20":{"start":{"line":21,"column":0},"end":{"line":21,"column":0}},"21":{"start":{"line":22,"column":0},"end":{"line":22,"column":19}},"22":{"start":{"line":23,"column":0},"end":{"line":23,"column":26}},"23":{"start":{"line":24,"column":0},"end":{"line":24,"column":39}},"24":{"start":{"line":25,"column":0},"end":{"line":25,"column":5}},"25":{"start":{"line":26,"column":0},"end":{"line":26,"column":0}},"26":{"start":{"line":27,"column":0},"end":{"line":27,"column":39}},"27":{"start":{"line":28,"column":0},"end":{"line":28,"column":38}},"28":{"start":{"line":29,"column":0},"end":{"line":29,"column":5}},"29":{"start":{"line":30,"column":0},"end":{"line":30,"column":1}},"30":{"start":{"line":31,"column":0},"end":{"line":31,"column":0}},"31":{"start":{"line":32,"column":0},"end":{"line":32,"column":63}},"32":{"start":{"line":33,"column":0},"end":{"line":33,"column":21}},"33":{"start":{"line":34,"column":0},"end":{"line":34,"column":92}},"34":{"start":{"line":35,"column":0},"end":{"line":35,"column":5}},"35":{"start":{"line":36,"column":0},"end":{"line":36,"column":1}},"36":{"start":{"line":37,"column":0},"end":{"line":37,"column":0}},"37":{"start":{"line":38,"column":0},"end":{"line":38,"column":26}},"38":{"start":{"line":39,"column":0},"end":{"line":39,"column":66}},"39":{"start":{"line":40,"column":0},"end":{"line":40,"column":53}},"40":{"start":{"line":41,"column":0},"end":{"line":41,"column":0}},"41":{"start":{"line":42,"column":0},"end":{"line":42,"column":38}},"42":{"start":{"line":43,"column":0},"end":{"line":43,"column":43}},"43":{"start":{"line":44,"column":0},"end":{"line":44,"column":54}},"44":{"start":{"line":45,"column":0},"end":{"line":45,"column":21}},"45":{"start":{"line":46,"column":0},"end":{"line":46,"column":5}},"46":{"start":{"line":47,"column":0},"end":{"line":47,"column":0}},"47":{"start":{"line":48,"column":0},"end":{"line":48,"column":35}},"48":{"start":{"line":49,"column":0},"end":{"line":49,"column":44}},"49":{"start":{"line":50,"column":0},"end":{"line":50,"column":52}},"50":{"start":{"line":51,"column":0},"end":{"line":51,"column":33}},"51":{"start":{"line":52,"column":0},"end":{"line":52,"column":13}},"52":{"start":{"line":53,"column":0},"end":{"line":53,"column":9}},"53":{"start":{"line":54,"column":0},"end":{"line":54,"column":5}},"54":{"start":{"line":55,"column":0},"end":{"line":55,"column":0}},"55":{"start":{"line":56,"column":0},"end":{"line":56,"column":74}},"56":{"start":{"line":57,"column":0},"end":{"line":57,"column":51}},"57":{"start":{"line":58,"column":0},"end":{"line":58,"column":32}},"58":{"start":{"line":59,"column":0},"end":{"line":59,"column":5}},"59":{"start":{"line":60,"column":0},"end":{"line":60,"column":0}},"60":{"start":{"line":61,"column":0},"end":{"line":61,"column":56}},"61":{"start":{"line":62,"column":0},"end":{"line":62,"column":44}},"62":{"start":{"line":63,"column":0},"end":{"line":63,"column":5}},"63":{"start":{"line":64,"column":0},"end":{"line":64,"column":1}},"64":{"start":{"line":65,"column":0},"end":{"line":65,"column":0}},"65":{"start":{"line":66,"column":0},"end":{"line":66,"column":70}},"66":{"start":{"line":67,"column":0},"end":{"line":67,"column":0}},"67":{"start":{"line":68,"column":0},"end":{"line":68,"column":93}},"68":{"start":{"line":69,"column":0},"end":{"line":69,"column":0}},"69":{"start":{"line":70,"column":0},"end":{"line":70,"column":87}},"70":{"start":{"line":71,"column":0},"end":{"line":71,"column":101}},"71":{"start":{"line":72,"column":0},"end":{"line":72,"column":0}},"72":{"start":{"line":73,"column":0},"end":{"line":73,"column":37}},"73":{"start":{"line":74,"column":0},"end":{"line":74,"column":42}},"74":{"start":{"line":75,"column":0},"end":{"line":75,"column":34}},"75":{"start":{"line":76,"column":0},"end":{"line":76,"column":5}},"76":{"start":{"line":77,"column":0},"end":{"line":77,"column":0}},"77":{"start":{"line":78,"column":0},"end":{"line":78,"column":47}},"78":{"start":{"line":79,"column":0},"end":{"line":79,"column":1}}},"s":{"0":1,"1":1,"2":1,"3":1,"4":11,"5":11,"6":11,"7":1,"8":1,"9":1,"10":1,"11":2,"12":1,"13":1,"14":1,"15":11,"16":11,"17":11,"18":11,"19":11,"20":11,"21":11,"22":7,"23":7,"24":7,"25":11,"26":11,"27":4,"28":4,"29":11,"30":1,"31":1,"32":1,"33":2,"34":2,"35":1,"36":1,"37":1,"38":1,"39":1,"40":1,"41":1,"42":9,"43":9,"44":9,"45":9,"46":1,"47":1,"48":7,"49":6,"50":2,"51":2,"52":6,"53":7,"54":1,"55":1,"56":2,"57":2,"58":2,"59":1,"60":1,"61":2,"62":2,"63":1,"64":1,"65":1,"66":1,"67":1,"68":1,"69":1,"70":3,"71":2,"72":2,"73":2,"74":2,"75":2,"76":2,"77":2,"78":2},"branchMap":{"0":{"type":"branch","line":4,"loc":{"start":{"line":4,"column":4},"end":{"line":7,"column":5}},"locations":[{"start":{"line":4,"column":4},"end":{"line":7,"column":5}}]},"1":{"type":"branch","line":6,"loc":{"start":{"line":6,"column":63},"end":{"line":6,"column":65}},"locations":[{"start":{"line":6,"column":63},"end":{"line":6,"column":65}}]},"2":{"type":"branch","line":11,"loc":{"start":{"line":11,"column":4},"end":{"line":12,"column":5}},"locations":[{"start":{"line":11,"column":4},"end":{"line":12,"column":5}}]},"3":{"type":"branch","line":15,"loc":{"start":{"line":15,"column":7},"end":{"line":30,"column":1}},"locations":[{"start":{"line":15,"column":7},"end":{"line":30,"column":1}}]},"4":{"type":"branch","line":18,"loc":{"start":{"line":18,"column":4},"end":{"line":20,"column":5}},"locations":[{"start":{"line":18,"column":4},"end":{"line":20,"column":5}}]},"5":{"type":"branch","line":19,"loc":{"start":{"line":19,"column":14},"end":{"line":19,"column":80}},"locations":[{"start":{"line":19,"column":14},"end":{"line":19,"column":80}}]},"6":{"type":"branch","line":19,"loc":{"start":{"line":19,"column":42},"end":{"line":19,"column":70}},"locations":[{"start":{"line":19,"column":42},"end":{"line":19,"column":70}}]},"7":{"type":"branch","line":19,"loc":{"start":{"line":19,"column":66},"end":{"line":19,"column":80}},"locations":[{"start":{"line":19,"column":66},"end":{"line":19,"column":80}}]},"8":{"type":"branch","line":22,"loc":{"start":{"line":22,"column":4},"end":{"line":25,"column":5}},"locations":[{"start":{"line":22,"column":4},"end":{"line":25,"column":5}}]},"9":{"type":"branch","line":27,"loc":{"start":{"line":27,"column":4},"end":{"line":29,"column":5}},"locations":[{"start":{"line":27,"column":4},"end":{"line":29,"column":5}}]},"10":{"type":"branch","line":33,"loc":{"start":{"line":33,"column":4},"end":{"line":35,"column":5}},"locations":[{"start":{"line":33,"column":4},"end":{"line":35,"column":5}}]},"11":{"type":"branch","line":40,"loc":{"start":{"line":40,"column":4},"end":{"line":40,"column":53}},"locations":[{"start":{"line":40,"column":4},"end":{"line":40,"column":53}}]},"12":{"type":"branch","line":42,"loc":{"start":{"line":42,"column":11},"end":{"line":46,"column":5}},"locations":[{"start":{"line":42,"column":11},"end":{"line":46,"column":5}}]},"13":{"type":"branch","line":48,"loc":{"start":{"line":48,"column":11},"end":{"line":54,"column":5}},"locations":[{"start":{"line":48,"column":11},"end":{"line":54,"column":5}}]},"14":{"type":"branch","line":49,"loc":{"start":{"line":49,"column":43},"end":{"line":53,"column":9}},"locations":[{"start":{"line":49,"column":43},"end":{"line":53,"column":9}}]},"15":{"type":"branch","line":50,"loc":{"start":{"line":50,"column":51},"end":{"line":52,"column":13}},"locations":[{"start":{"line":50,"column":51},"end":{"line":52,"column":13}}]},"16":{"type":"branch","line":56,"loc":{"start":{"line":56,"column":11},"end":{"line":59,"column":5}},"locations":[{"start":{"line":56,"column":11},"end":{"line":59,"column":5}}]},"17":{"type":"branch","line":61,"loc":{"start":{"line":61,"column":11},"end":{"line":63,"column":5}},"locations":[{"start":{"line":61,"column":11},"end":{"line":63,"column":5}}]},"18":{"type":"branch","line":66,"loc":{"start":{"line":66,"column":22},"end":{"line":66,"column":70}},"locations":[{"start":{"line":66,"column":22},"end":{"line":66,"column":70}}]},"19":{"type":"branch","line":68,"loc":{"start":{"line":68,"column":24},"end":{"line":68,"column":93}},"locations":[{"start":{"line":68,"column":24},"end":{"line":68,"column":93}}]},"20":{"type":"branch","line":70,"loc":{"start":{"line":70,"column":22},"end":{"line":79,"column":1}},"locations":[{"start":{"line":70,"column":22},"end":{"line":79,"column":1}}]},"21":{"type":"branch","line":71,"loc":{"start":{"line":71,"column":32},"end":{"line":71,"column":101}},"locations":[{"start":{"line":71,"column":32},"end":{"line":71,"column":101}}]},"22":{"type":"branch","line":71,"loc":{"start":{"line":71,"column":99},"end":{"line":79,"column":1}},"locations":[{"start":{"line":71,"column":99},"end":{"line":79,"column":1}}]}},"b":{"0":[11],"1":[0],"2":[2],"3":[11],"4":[11],"5":[7],"6":[2],"7":[5],"8":[7],"9":[4],"10":[2],"11":[1],"12":[9],"13":[7],"14":[6],"15":[2],"16":[2],"17":[2],"18":[9],"19":[2],"20":[3],"21":[1],"22":[2]},"fnMap":{"0":{"name":"Callable","decl":{"start":{"line":4,"column":4},"end":{"line":7,"column":5}},"loc":{"start":{"line":4,"column":4},"end":{"line":7,"column":5}},"line":4},"1":{"name":"Effect","decl":{"start":{"line":11,"column":4},"end":{"line":12,"column":5}},"loc":{"start":{"line":11,"column":4},"end":{"line":12,"column":5}},"line":11},"2":{"name":"<instance_members_initializer>","decl":{"start":{"line":15,"column":7},"end":{"line":30,"column":1}},"loc":{"start":{"line":15,"column":7},"end":{"line":30,"column":1}},"line":15},"3":{"name":"Signal","decl":{"start":{"line":18,"column":4},"end":{"line":20,"column":5}},"loc":{"start":{"line":18,"column":4},"end":{"line":20,"column":5}},"line":18},"4":{"name":"set","decl":{"start":{"line":22,"column":4},"end":{"line":25,"column":5}},"loc":{"start":{"line":22,"column":4},"end":{"line":25,"column":5}},"line":22},"5":{"name":"update","decl":{"start":{"line":27,"column":4},"end":{"line":29,"column":5}},"loc":{"start":{"line":27,"column":4},"end":{"line":29,"column":5}},"line":27},"6":{"name":"set","decl":{"start":{"line":33,"column":4},"end":{"line":35,"column":5}},"loc":{"start":{"line":33,"column":4},"end":{"line":35,"column":5}},"line":33},"7":{"name":"<static_initializer>","decl":{"start":{"line":40,"column":4},"end":{"line":40,"column":53}},"loc":{"start":{"line":40,"column":4},"end":{"line":40,"column":53}},"line":40},"8":{"name":"createSignal","decl":{"start":{"line":42,"column":11},"end":{"line":46,"column":5}},"loc":{"start":{"line":42,"column":11},"end":{"line":46,"column":5}},"line":42},"9":{"name":"update","decl":{"start":{"line":48,"column":11},"end":{"line":54,"column":5}},"loc":{"start":{"line":48,"column":11},"end":{"line":54,"column":5}},"line":48},"10":{"name":"createEffect","decl":{"start":{"line":56,"column":11},"end":{"line":59,"column":5}},"loc":{"start":{"line":56,"column":11},"end":{"line":59,"column":5}},"line":56},"11":{"name":"createComputed","decl":{"start":{"line":61,"column":11},"end":{"line":63,"column":5}},"loc":{"start":{"line":61,"column":11},"end":{"line":63,"column":5}},"line":61},"12":{"name":"signal","decl":{"start":{"line":66,"column":22},"end":{"line":66,"column":70}},"loc":{"start":{"line":66,"column":22},"end":{"line":66,"column":70}},"line":66},"13":{"name":"computed","decl":{"start":{"line":68,"column":24},"end":{"line":68,"column":93}},"loc":{"start":{"line":68,"column":24},"end":{"line":68,"column":93}},"line":68},"14":{"name":"effect","decl":{"start":{"line":70,"column":22},"end":{"line":79,"column":1}},"loc":{"start":{"line":70,"column":22},"end":{"line":79,"column":1}},"line":70}},"f":{"0":11,"1":2,"2":11,"3":11,"4":7,"5":4,"6":2,"7":1,"8":9,"9":7,"10":2,"11":2,"12":9,"13":2,"14":3}}
}
